[2019-07-06 07:30:23] main.CRITICAL: Exception: Notice: Undefined property: stdClass::$data in /var/www/avita-store/app/code/Ves/BaseWidget/Block/Widget/Instagram.php on line 114 in /var/www/avita-store/vendor/magento/framework/App/ErrorHandler.php:61
Stack trace:
#0 /var/www/avita-store/app/code/Ves/BaseWidget/Block/Widget/Instagram.php(114): Magento\Framework\App\ErrorHandler->handler(8, 'Undefined prope...', '/var/www/avita-...', 114, Array)
#1 /var/www/avita-store/vendor/magento/framework/View/Element/AbstractBlock.php(659): Ves\BaseWidget\Block\Widget\Instagram->_toHtml()
#2 /var/www/avita-store/vendor/magento/module-widget/Model/Template/Filter.php(117): Magento\Framework\View\Element\AbstractBlock->toHtml()
#3 /var/www/avita-store/vendor/magento/module-widget/Model/Template/Filter.php(128): Magento\Widget\Model\Template\Filter->generateWidget(Array)
#4 [internal function]: Magento\Widget\Model\Template\Filter->widgetDirective(Array)
#5 /var/www/avita-store/vendor/magento/framework/Filter/Template.php(141): call_user_func(Array, Array)
#6 /var/www/avita-store/vendor/magento/module-email/Model/Template/Filter.php(1011): Magento\Framework\Filter\Template->filter('{{widget type="...')
#7 /var/www/avita-store/app/code/Ves/PageBuilder/Helper/Data.php(152): Magento\Email\Model\Template\Filter->filter('{{widget type="...')
#8 /var/www/avita-store/app/code/Ves/PageBuilder/Block/Widget/Builder.php(185): Ves\PageBuilder\Helper\Data->filter('{{widget type="...')
#9 [internal function]: Ves\PageBuilder\Block\Widget\Builder->renderWidgetShortcode('{{widget type="...')
#10 /var/www/avita-store/vendor/magento/framework/View/TemplateEngine/Php.php(82): call_user_func_array(Array, Array)
#11 /var/www/avita-store/app/code/Ves/PageBuilder/view/frontend/templates/blockbuilder/row.phtml(178): Magento\Framework\View\TemplateEngine\Php->__call('renderWidgetSho...', Array)
#12 /var/www/avita-store/app/code/Ves/PageBuilder/view/frontend/templates/blockbuilder/default.phtml(24): require('/var/www/avita-...')
#13 /var/www/avita-store/vendor/magento/framework/View/TemplateEngine/Php.php(59): include('/var/www/avita-...')
#14 /var/www/avita-store/vendor/magento/framework/View/Element/Template.php(255): Magento\Framework\View\TemplateEngine\Php->render(Object(Ves\PageBuilder\Block\Widget\Builder), '/var/www/avita-...', Array)
#15 /var/www/avita-store/vendor/magento/framework/View/Element/Template.php(279): Magento\Framework\View\Element\Template->fetchView('/var/www/avita-...')
#16 /var/www/avita-store/app/code/Ves/PageBuilder/Block/Widget/Builder.php(176): Magento\Framework\View\Element\Template->_toHtml()
#17 /var/www/avita-store/vendor/magento/framework/View/Element/AbstractBlock.php(659): Ves\PageBuilder\Block\Widget\Builder->_toHtml()
#18 /var/www/avita-store/vendor/magento/module-widget/Model/Template/Filter.php(117): Magento\Framework\View\Element\AbstractBlock->toHtml()
#19 /var/www/avita-store/vendor/magento/module-widget/Model/Template/Filter.php(128): Magento\Widget\Model\Template\Filter->generateWidget(Array)
#20 [internal function]: Magento\Widget\Model\Template\Filter->widgetDirective(Array)
#21 /var/www/avita-store/vendor/magento/framework/Filter/Template.php(141): call_user_func(Array, Array)
#22 /var/www/avita-store/vendor/magento/module-email/Model/Template/Filter.php(1011): Magento\Framework\Filter\Template->filter('<div>{{widget t...')
#23 /var/www/avita-store/app/code/Ves/Themesettings/Helper/Data.php(219): Magento\Email\Model\Template\Filter->filter('<div>{{widget t...')
#24 /var/www/avita-store/app/code/Ves/Themesettings/view/frontend/templates/html/footer/footer-top.phtml(19): Ves\Themesettings\Helper\Data->filter('<div>{{widget t...')
#25 /var/www/avita-store/vendor/magento/framework/View/TemplateEngine/Php.php(59): include('/var/www/avita-...')
#26 /var/www/avita-store/vendor/magento/framework/View/Element/Template.php(255): Magento\Framework\View\TemplateEngine\Php->render(Object(Ves\Themesettings\Block\Html\Footer), '/var/www/avita-...', Array)
#27 /var/www/avita-store/vendor/magento/framework/View/Element/Template.php(279): Magento\Framework\View\Element\Template->fetchView('/var/www/avita-...')
#28 /var/www/avita-store/vendor/magento/framework/View/Element/AbstractBlock.php(659): Magento\Framework\View\Element\Template->_toHtml()
#29 /var/www/avita-store/vendor/magento/framework/View/Layout.php(542): Magento\Framework\View\Element\AbstractBlock->toHtml()
#30 /var/www/avita-store/vendor/magento/framework/View/Layout.php(518): Magento\Framework\View\Layout->_renderBlock('ves.footer.top')
#31 /var/www/avita-store/var/generation/Magento/Framework/View/Layout/Interceptor.php(206): Magento\Framework\View\Layout->renderNonCachedElement('ves.footer.top')
#32 /var/www/avita-store/vendor/magento/framework/View/Layout.php(472): Magento\Framework\View\Layout\Interceptor->renderNonCachedElement('ves.footer.top')
#33 /var/www/avita-store/var/generation/Magento/Framework/View/Layout/Interceptor.php(193): Magento\Framework\View\Layout->renderElement('ves.footer.top', true)
#34 /var/www/avita-store/vendor/magento/framework/View/Layout.php(569): Magento\Framework\View\Layout\Interceptor->renderElement('ves.footer.top')
#35 /var/www/avita-store/vendor/magento/framework/View/Layout.php(520): Magento\Framework\View\Layout->_renderContainer('footer-top')
#36 /var/www/avita-store/var/generation/Magento/Framework/View/Layout/Interceptor.php(206): Magento\Framework\View\Layout->renderNonCachedElement('footer-top')
#37 /var/www/avita-store/vendor/magento/framework/View/Layout.php(472): Magento\Framework\View\Layout\Interceptor->renderNonCachedElement('footer-top')
#38 /var/www/avita-store/var/generation/Magento/Framework/View/Layout/Interceptor.php(193): Magento\Framework\View\Layout->renderElement('footer-top', true)
#39 /var/www/avita-store/vendor/magento/framework/View/Layout.php(569): Magento\Framework\View\Layout\Interceptor->renderElement('footer-top')
#40 /var/www/avita-store/vendor/magento/framework/View/Layout.php(520): Magento\Framework\View\Layout->_renderContainer('footer')
#41 /var/www/avita-store/var/generation/Magento/Framework/View/Layout/Interceptor.php(206): Magento\Framework\View\Layout->renderNonCachedElement('footer')
#42 /var/www/avita-store/vendor/magento/framework/View/Layout.php(472): Magento\Framework\View\Layout\Interceptor->renderNonCachedElement('footer')
#43 /var/www/avita-store/var/generation/Magento/Framework/View/Layout/Interceptor.php(193): Magento\Framework\View\Layout->renderElement('footer', true)
#44 /var/www/avita-store/vendor/magento/framework/View/Layout.php(569): Magento\Framework\View\Layout\Interceptor->renderElement('footer')
#45 /var/www/avita-store/vendor/magento/framework/View/Layout.php(520): Magento\Framework\View\Layout->_renderContainer('footer-containe...')
#46 /var/www/avita-store/var/generation/Magento/Framework/View/Layout/Interceptor.php(206): Magento\Framework\View\Layout->renderNonCachedElement('footer-containe...')
#47 /var/www/avita-store/vendor/magento/framework/View/Layout.php(472): Magento\Framework\View\Layout\Interceptor->renderNonCachedElement('footer-containe...')
#48 /var/www/avita-store/var/generation/Magento/Framework/View/Layout/Interceptor.php(193): Magento\Framework\View\Layout->renderElement('footer-containe...', true)
#49 /var/www/avita-store/vendor/magento/framework/View/Layout.php(569): Magento\Framework\View\Layout\Interceptor->renderElement('footer-containe...')
#50 /var/www/avita-store/vendor/magento/framework/View/Layout.php(520): Magento\Framework\View\Layout->_renderContainer('page.wrapper')
#51 /var/www/avita-store/var/generation/Magento/Framework/View/Layout/Interceptor.php(206): Magento\Framework\View\Layout->renderNonCachedElement('page.wrapper')
#52 /var/www/avita-store/vendor/magento/framework/View/Layout.php(472): Magento\Framework\View\Layout\Interceptor->renderNonCachedElement('page.wrapper')
#53 /var/www/avita-store/var/generation/Magento/Framework/View/Layout/Interceptor.php(193): Magento\Framework\View\Layout->renderElement('page.wrapper', true)
#54 /var/www/avita-store/vendor/magento/framework/View/Layout.php(569): Magento\Framework\View\Layout\Interceptor->renderElement('page.wrapper')
#55 /var/www/avita-store/vendor/magento/framework/View/Layout.php(520): Magento\Framework\View\Layout->_renderContainer('root')
#56 /var/www/avita-store/var/generation/Magento/Framework/View/Layout/Interceptor.php(206): Magento\Framework\View\Layout->renderNonCachedElement('root')
#57 /var/www/avita-store/vendor/magento/framework/View/Layout.php(472): Magento\Framework\View\Layout\Interceptor->renderNonCachedElement('root')
#58 /var/www/avita-store/var/generation/Magento/Framework/View/Layout/Interceptor.php(193): Magento\Framework\View\Layout->renderElement('root', true)
#59 /var/www/avita-store/vendor/magento/framework/View/Layout.php(938): Magento\Framework\View\Layout\Interceptor->renderElement('root')
#60 /var/www/avita-store/vendor/magento/framework/Interception/Interceptor.php(146): Magento\Framework\View\Layout->getOutput()
#61 /var/www/avita-store/var/generation/Magento/Framework/View/Layout/Interceptor.php(494): Magento\Framework\View\Layout\Interceptor->___callPlugins('getOutput', Array, Array)
#62 /var/www/avita-store/vendor/magento/framework/View/Result/Page.php(243): Magento\Framework\View\Layout\Interceptor->getOutput()
#63 /var/www/avita-store/vendor/magento/framework/View/Result/Layout.php(164): Magento\Framework\View\Result\Page->render(Object(Magento\Framework\App\Response\Http\Interceptor))
#64 /var/www/avita-store/vendor/magento/framework/Interception/Interceptor.php(74): Magento\Framework\View\Result\Layout->renderResult(Object(Magento\Framework\App\Response\Http\Interceptor))
#65 /var/www/avita-store/vendor/magento/framework/Interception/Chain/Chain.php(70): Magento\Framework\View\Result\Page\Interceptor->___callParent('renderResult', Array)
#66 /var/www/avita-store/vendor/magento/framework/Interception/Chain/Chain.php(63): Magento\Framework\Interception\Chain\Chain->invokeNext('Magento\\Framewo...', 'renderResult', Object(Magento\Framework\View\Result\Page\Interceptor), Array, 'result-varnish-...')
#67 /var/www/avita-store/vendor/magento/module-page-cache/Model/Controller/Result/VarnishPlugin.php(74): Magento\Framework\Interception\Chain\Chain->Magento\Framework\Interception\Chain\{closure}(Object(Magento\Framework\App\Response\Http\Interceptor))
#68 /var/www/avita-store/vendor/magento/framework/Interception/Chain/Chain.php(67): Magento\PageCache\Model\Controller\Result\VarnishPlugin->aroundRenderResult(Object(Magento\Framework\View\Result\Page\Interceptor), Object(Closure), Object(Magento\Framework\App\Response\Http\Interceptor))
#69 /var/www/avita-store/vendor/magento/framework/Interception/Interceptor.php(138): Magento\Framework\Interception\Chain\Chain->invokeNext('Magento\\Framewo...', 'renderResult', Object(Magento\Framework\View\Result\Page\Interceptor), Array, 'result-builtin-...')
#70 /var/www/avita-store/vendor/magento/module-page-cache/Model/Controller/Result/BuiltinPlugin.php(67): Magento\Framework\View\Result\Page\Interceptor->Magento\Framework\Interception\{closure}(Object(Magento\Framework\App\Response\Http\Interceptor))
#71 /var/www/avita-store/vendor/magento/framework/Interception/Interceptor.php(142): Magento\PageCache\Model\Controller\Result\BuiltinPlugin->aroundRenderResult(Object(Magento\Framework\View\Result\Page\Interceptor), Object(Closure), Object(Magento\Framework\App\Response\Http\Interceptor))
#72 /var/www/avita-store/var/generation/Magento/Framework/View/Result/Page/Interceptor.php(130): Magento\Framework\View\Result\Page\Interceptor->___callPlugins('renderResult', Array, Array)
#73 /var/www/avita-store/vendor/magento/framework/App/Http.php(139): Magento\Framework\View\Result\Page\Interceptor->renderResult(Object(Magento\Framework\App\Response\Http\Interceptor))
#74 /var/www/avita-store/vendor/magento/framework/App/Bootstrap.php(258): Magento\Framework\App\Http->launch()
#75 /var/www/avita-store/index.php(39): Magento\Framework\App\Bootstrap->run(Object(Magento\Framework\App\Http))
#76 {main} [] []
[2019-07-10 10:15:48] main.CRITICAL: Exception: Notice: Undefined property: stdClass::$data in /var/www/avita-store/app/code/Ves/BaseWidget/Block/Widget/Instagram.php on line 114 in /var/www/avita-store/vendor/magento/framework/App/ErrorHandler.php:61
Stack trace:
#0 /var/www/avita-store/app/code/Ves/BaseWidget/Block/Widget/Instagram.php(114): Magento\Framework\App\ErrorHandler->handler(8, 'Undefined prope...', '/var/www/avita-...', 114, Array)
#1 /var/www/avita-store/vendor/magento/framework/View/Element/AbstractBlock.php(659): Ves\BaseWidget\Block\Widget\Instagram->_toHtml()
#2 /var/www/avita-store/vendor/magento/module-widget/Model/Template/Filter.php(117): Magento\Framework\View\Element\AbstractBlock->toHtml()
#3 /var/www/avita-store/vendor/magento/module-widget/Model/Template/Filter.php(128): Magento\Widget\Model\Template\Filter->generateWidget(Array)
#4 [internal function]: Magento\Widget\Model\Template\Filter->widgetDirective(Array)
#5 /var/www/avita-store/vendor/magento/framework/Filter/Template.php(141): call_user_func(Array, Array)
#6 /var/www/avita-store/vendor/magento/module-email/Model/Template/Filter.php(1011): Magento\Framework\Filter\Template->filter('{{widget type="...')
#7 /var/www/avita-store/app/code/Ves/PageBuilder/Helper/Data.php(152): Magento\Email\Model\Template\Filter->filter('{{widget type="...')
#8 /var/www/avita-store/app/code/Ves/PageBuilder/Block/Widget/Builder.php(185): Ves\PageBuilder\Helper\Data->filter('{{widget type="...')
#9 [internal function]: Ves\PageBuilder\Block\Widget\Builder->renderWidgetShortcode('{{widget type="...')
#10 /var/www/avita-store/vendor/magento/framework/View/TemplateEngine/Php.php(82): call_user_func_array(Array, Array)
#11 /var/www/avita-store/app/code/Ves/PageBuilder/view/frontend/templates/blockbuilder/row.phtml(178): Magento\Framework\View\TemplateEngine\Php->__call('renderWidgetSho...', Array)
#12 /var/www/avita-store/app/code/Ves/PageBuilder/view/frontend/templates/blockbuilder/default.phtml(24): require('/var/www/avita-...')
#13 /var/www/avita-store/vendor/magento/framework/View/TemplateEngine/Php.php(59): include('/var/www/avita-...')
#14 /var/www/avita-store/vendor/magento/framework/View/Element/Template.php(255): Magento\Framework\View\TemplateEngine\Php->render(Object(Ves\PageBuilder\Block\Widget\Builder), '/var/www/avita-...', Array)
#15 /var/www/avita-store/vendor/magento/framework/View/Element/Template.php(279): Magento\Framework\View\Element\Template->fetchView('/var/www/avita-...')
#16 /var/www/avita-store/app/code/Ves/PageBuilder/Block/Widget/Builder.php(176): Magento\Framework\View\Element\Template->_toHtml()
#17 /var/www/avita-store/vendor/magento/framework/View/Element/AbstractBlock.php(659): Ves\PageBuilder\Block\Widget\Builder->_toHtml()
#18 /var/www/avita-store/vendor/magento/module-widget/Model/Template/Filter.php(117): Magento\Framework\View\Element\AbstractBlock->toHtml()
#19 /var/www/avita-store/vendor/magento/module-widget/Model/Template/Filter.php(128): Magento\Widget\Model\Template\Filter->generateWidget(Array)
#20 [internal function]: Magento\Widget\Model\Template\Filter->widgetDirective(Array)
#21 /var/www/avita-store/vendor/magento/framework/Filter/Template.php(141): call_user_func(Array, Array)
#22 /var/www/avita-store/vendor/magento/module-email/Model/Template/Filter.php(1011): Magento\Framework\Filter\Template->filter('<div>{{widget t...')
#23 /var/www/avita-store/app/code/Ves/Themesettings/Helper/Data.php(219): Magento\Email\Model\Template\Filter->filter('<div>{{widget t...')
#24 /var/www/avita-store/app/code/Ves/Themesettings/view/frontend/templates/html/footer/footer-top.phtml(19): Ves\Themesettings\Helper\Data->filter('<div>{{widget t...')
#25 /var/www/avita-store/vendor/magento/framework/View/TemplateEngine/Php.php(59): include('/var/www/avita-...')
#26 /var/www/avita-store/vendor/magento/framework/View/Element/Template.php(255): Magento\Framework\View\TemplateEngine\Php->render(Object(Ves\Themesettings\Block\Html\Footer), '/var/www/avita-...', Array)
#27 /var/www/avita-store/vendor/magento/framework/View/Element/Template.php(279): Magento\Framework\View\Element\Template->fetchView('/var/www/avita-...')
#28 /var/www/avita-store/vendor/magento/framework/View/Element/AbstractBlock.php(659): Magento\Framework\View\Element\Template->_toHtml()
#29 /var/www/avita-store/vendor/magento/framework/View/Layout.php(542): Magento\Framework\View\Element\AbstractBlock->toHtml()
#30 /var/www/avita-store/vendor/magento/framework/View/Layout.php(518): Magento\Framework\View\Layout->_renderBlock('ves.footer.top')
#31 /var/www/avita-store/var/generation/Magento/Framework/View/Layout/Interceptor.php(206): Magento\Framework\View\Layout->renderNonCachedElement('ves.footer.top')
#32 /var/www/avita-store/vendor/magento/framework/View/Layout.php(472): Magento\Framework\View\Layout\Interceptor->renderNonCachedElement('ves.footer.top')
#33 /var/www/avita-store/var/generation/Magento/Framework/View/Layout/Interceptor.php(193): Magento\Framework\View\Layout->renderElement('ves.footer.top', true)
#34 /var/www/avita-store/vendor/magento/framework/View/Layout.php(569): Magento\Framework\View\Layout\Interceptor->renderElement('ves.footer.top')
#35 /var/www/avita-store/vendor/magento/framework/View/Layout.php(520): Magento\Framework\View\Layout->_renderContainer('footer-top')
#36 /var/www/avita-store/var/generation/Magento/Framework/View/Layout/Interceptor.php(206): Magento\Framework\View\Layout->renderNonCachedElement('footer-top')
#37 /var/www/avita-store/vendor/magento/framework/View/Layout.php(472): Magento\Framework\View\Layout\Interceptor->renderNonCachedElement('footer-top')
#38 /var/www/avita-store/var/generation/Magento/Framework/View/Layout/Interceptor.php(193): Magento\Framework\View\Layout->renderElement('footer-top', true)
#39 /var/www/avita-store/vendor/magento/framework/View/Layout.php(569): Magento\Framework\View\Layout\Interceptor->renderElement('footer-top')
#40 /var/www/avita-store/vendor/magento/framework/View/Layout.php(520): Magento\Framework\View\Layout->_renderContainer('footer')
#41 /var/www/avita-store/var/generation/Magento/Framework/View/Layout/Interceptor.php(206): Magento\Framework\View\Layout->renderNonCachedElement('footer')
#42 /var/www/avita-store/vendor/magento/framework/View/Layout.php(472): Magento\Framework\View\Layout\Interceptor->renderNonCachedElement('footer')
#43 /var/www/avita-store/var/generation/Magento/Framework/View/Layout/Interceptor.php(193): Magento\Framework\View\Layout->renderElement('footer', true)
#44 /var/www/avita-store/vendor/magento/framework/View/Layout.php(569): Magento\Framework\View\Layout\Interceptor->renderElement('footer')
#45 /var/www/avita-store/vendor/magento/framework/View/Layout.php(520): Magento\Framework\View\Layout->_renderContainer('footer-containe...')
#46 /var/www/avita-store/var/generation/Magento/Framework/View/Layout/Interceptor.php(206): Magento\Framework\View\Layout->renderNonCachedElement('footer-containe...')
#47 /var/www/avita-store/vendor/magento/framework/View/Layout.php(472): Magento\Framework\View\Layout\Interceptor->renderNonCachedElement('footer-containe...')
#48 /var/www/avita-store/var/generation/Magento/Framework/View/Layout/Interceptor.php(193): Magento\Framework\View\Layout->renderElement('footer-containe...', true)
#49 /var/www/avita-store/vendor/magento/framework/View/Layout.php(569): Magento\Framework\View\Layout\Interceptor->renderElement('footer-containe...')
#50 /var/www/avita-store/vendor/magento/framework/View/Layout.php(520): Magento\Framework\View\Layout->_renderContainer('page.wrapper')
#51 /var/www/avita-store/var/generation/Magento/Framework/View/Layout/Interceptor.php(206): Magento\Framework\View\Layout->renderNonCachedElement('page.wrapper')
#52 /var/www/avita-store/vendor/magento/framework/View/Layout.php(472): Magento\Framework\View\Layout\Interceptor->renderNonCachedElement('page.wrapper')
#53 /var/www/avita-store/var/generation/Magento/Framework/View/Layout/Interceptor.php(193): Magento\Framework\View\Layout->renderElement('page.wrapper', true)
#54 /var/www/avita-store/vendor/magento/framework/View/Layout.php(569): Magento\Framework\View\Layout\Interceptor->renderElement('page.wrapper')
#55 /var/www/avita-store/vendor/magento/framework/View/Layout.php(520): Magento\Framework\View\Layout->_renderContainer('root')
#56 /var/www/avita-store/var/generation/Magento/Framework/View/Layout/Interceptor.php(206): Magento\Framework\View\Layout->renderNonCachedElement('root')
#57 /var/www/avita-store/vendor/magento/framework/View/Layout.php(472): Magento\Framework\View\Layout\Interceptor->renderNonCachedElement('root')
#58 /var/www/avita-store/var/generation/Magento/Framework/View/Layout/Interceptor.php(193): Magento\Framework\View\Layout->renderElement('root', true)
#59 /var/www/avita-store/vendor/magento/framework/View/Layout.php(938): Magento\Framework\View\Layout\Interceptor->renderElement('root')
#60 /var/www/avita-store/vendor/magento/framework/Interception/Interceptor.php(146): Magento\Framework\View\Layout->getOutput()
#61 /var/www/avita-store/var/generation/Magento/Framework/View/Layout/Interceptor.php(494): Magento\Framework\View\Layout\Interceptor->___callPlugins('getOutput', Array, Array)
#62 /var/www/avita-store/vendor/magento/framework/View/Result/Page.php(243): Magento\Framework\View\Layout\Interceptor->getOutput()
#63 /var/www/avita-store/vendor/magento/framework/View/Result/Layout.php(164): Magento\Framework\View\Result\Page->render(Object(Magento\Framework\App\Response\Http\Interceptor))
#64 /var/www/avita-store/vendor/magento/framework/Interception/Interceptor.php(74): Magento\Framework\View\Result\Layout->renderResult(Object(Magento\Framework\App\Response\Http\Interceptor))
#65 /var/www/avita-store/vendor/magento/framework/Interception/Chain/Chain.php(70): Magento\Framework\View\Result\Page\Interceptor->___callParent('renderResult', Array)
#66 /var/www/avita-store/vendor/magento/framework/Interception/Chain/Chain.php(63): Magento\Framework\Interception\Chain\Chain->invokeNext('Magento\\Framewo...', 'renderResult', Object(Magento\Framework\View\Result\Page\Interceptor), Array, 'result-varnish-...')
#67 /var/www/avita-store/vendor/magento/module-page-cache/Model/Controller/Result/VarnishPlugin.php(74): Magento\Framework\Interception\Chain\Chain->Magento\Framework\Interception\Chain\{closure}(Object(Magento\Framework\App\Response\Http\Interceptor))
#68 /var/www/avita-store/vendor/magento/framework/Interception/Chain/Chain.php(67): Magento\PageCache\Model\Controller\Result\VarnishPlugin->aroundRenderResult(Object(Magento\Framework\View\Result\Page\Interceptor), Object(Closure), Object(Magento\Framework\App\Response\Http\Interceptor))
#69 /var/www/avita-store/vendor/magento/framework/Interception/Interceptor.php(138): Magento\Framework\Interception\Chain\Chain->invokeNext('Magento\\Framewo...', 'renderResult', Object(Magento\Framework\View\Result\Page\Interceptor), Array, 'result-builtin-...')
#70 /var/www/avita-store/vendor/magento/module-page-cache/Model/Controller/Result/BuiltinPlugin.php(67): Magento\Framework\View\Result\Page\Interceptor->Magento\Framework\Interception\{closure}(Object(Magento\Framework\App\Response\Http\Interceptor))
#71 /var/www/avita-store/vendor/magento/framework/Interception/Interceptor.php(142): Magento\PageCache\Model\Controller\Result\BuiltinPlugin->aroundRenderResult(Object(Magento\Framework\View\Result\Page\Interceptor), Object(Closure), Object(Magento\Framework\App\Response\Http\Interceptor))
#72 /var/www/avita-store/var/generation/Magento/Framework/View/Result/Page/Interceptor.php(130): Magento\Framework\View\Result\Page\Interceptor->___callPlugins('renderResult', Array, Array)
#73 /var/www/avita-store/vendor/magento/framework/App/Http.php(139): Magento\Framework\View\Result\Page\Interceptor->renderResult(Object(Magento\Framework\App\Response\Http\Interceptor))
#74 /var/www/avita-store/vendor/magento/framework/App/Bootstrap.php(258): Magento\Framework\App\Http->launch()
#75 /var/www/avita-store/index.php(39): Magento\Framework\App\Bootstrap->run(Object(Magento\Framework\App\Http))
#76 {main} [] []
[2019-07-10 10:23:05] main.CRITICAL: Exception: Notice: Undefined property: stdClass::$data in /var/www/avita-store/app/code/Ves/BaseWidget/Block/Widget/Instagram.php on line 114 in /var/www/avita-store/vendor/magento/framework/App/ErrorHandler.php:61
Stack trace:
#0 /var/www/avita-store/app/code/Ves/BaseWidget/Block/Widget/Instagram.php(114): Magento\Framework\App\ErrorHandler->handler(8, 'Undefined prope...', '/var/www/avita-...', 114, Array)
#1 /var/www/avita-store/vendor/magento/framework/View/Element/AbstractBlock.php(659): Ves\BaseWidget\Block\Widget\Instagram->_toHtml()
#2 /var/www/avita-store/vendor/magento/module-widget/Model/Template/Filter.php(117): Magento\Framework\View\Element\AbstractBlock->toHtml()
#3 /var/www/avita-store/vendor/magento/module-widget/Model/Template/Filter.php(128): Magento\Widget\Model\Template\Filter->generateWidget(Array)
#4 [internal function]: Magento\Widget\Model\Template\Filter->widgetDirective(Array)
#5 /var/www/avita-store/vendor/magento/framework/Filter/Template.php(141): call_user_func(Array, Array)
#6 /var/www/avita-store/vendor/magento/module-email/Model/Template/Filter.php(1011): Magento\Framework\Filter\Template->filter('{{widget type="...')
#7 /var/www/avita-store/app/code/Ves/PageBuilder/Helper/Data.php(152): Magento\Email\Model\Template\Filter->filter('{{widget type="...')
#8 /var/www/avita-store/app/code/Ves/PageBuilder/Block/Widget/Builder.php(185): Ves\PageBuilder\Helper\Data->filter('{{widget type="...')
#9 [internal function]: Ves\PageBuilder\Block\Widget\Builder->renderWidgetShortcode('{{widget type="...')
#10 /var/www/avita-store/vendor/magento/framework/View/TemplateEngine/Php.php(82): call_user_func_array(Array, Array)
#11 /var/www/avita-store/app/code/Ves/PageBuilder/view/frontend/templates/blockbuilder/row.phtml(178): Magento\Framework\View\TemplateEngine\Php->__call('renderWidgetSho...', Array)
#12 /var/www/avita-store/app/code/Ves/PageBuilder/view/frontend/templates/blockbuilder/default.phtml(24): require('/var/www/avita-...')
#13 /var/www/avita-store/vendor/magento/framework/View/TemplateEngine/Php.php(59): include('/var/www/avita-...')
#14 /var/www/avita-store/vendor/magento/framework/View/Element/Template.php(255): Magento\Framework\View\TemplateEngine\Php->render(Object(Ves\PageBuilder\Block\Widget\Builder), '/var/www/avita-...', Array)
#15 /var/www/avita-store/vendor/magento/framework/View/Element/Template.php(279): Magento\Framework\View\Element\Template->fetchView('/var/www/avita-...')
#16 /var/www/avita-store/app/code/Ves/PageBuilder/Block/Widget/Builder.php(176): Magento\Framework\View\Element\Template->_toHtml()
#17 /var/www/avita-store/vendor/magento/framework/View/Element/AbstractBlock.php(659): Ves\PageBuilder\Block\Widget\Builder->_toHtml()
#18 /var/www/avita-store/vendor/magento/module-widget/Model/Template/Filter.php(117): Magento\Framework\View\Element\AbstractBlock->toHtml()
#19 /var/www/avita-store/vendor/magento/module-widget/Model/Template/Filter.php(128): Magento\Widget\Model\Template\Filter->generateWidget(Array)
#20 [internal function]: Magento\Widget\Model\Template\Filter->widgetDirective(Array)
#21 /var/www/avita-store/vendor/magento/framework/Filter/Template.php(141): call_user_func(Array, Array)
#22 /var/www/avita-store/vendor/magento/module-email/Model/Template/Filter.php(1011): Magento\Framework\Filter\Template->filter('{{widget type="...')
#23 /var/www/avita-store/app/code/Ves/PageBuilder/Helper/Data.php(152): Magento\Email\Model\Template\Filter->filter('{{widget type="...')
#24 /var/www/avita-store/app/code/Ves/PageBuilder/Block/Widget/Page.php(389): Ves\PageBuilder\Helper\Data->filter('{{widget type="...')
#25 [internal function]: Ves\PageBuilder\Block\Widget\Page->renderWidgetShortcode('{{widget type="...')
#26 /var/www/avita-store/vendor/magento/framework/View/TemplateEngine/Php.php(82): call_user_func_array(Array, Array)
#27 /var/www/avita-store/app/code/Ves/PageBuilder/view/frontend/templates/pagebuilder/default.phtml(171): Magento\Framework\View\TemplateEngine\Php->__call('renderWidgetSho...', Array)
#28 /var/www/avita-store/vendor/magento/framework/View/TemplateEngine/Php.php(59): include('/var/www/avita-...')
#29 /var/www/avita-store/vendor/magento/framework/View/Element/Template.php(255): Magento\Framework\View\TemplateEngine\Php->render(Object(Ves\PageBuilder\Block\Widget\Page), '/var/www/avita-...', Array)
#30 /var/www/avita-store/vendor/magento/framework/View/Element/Template.php(279): Magento\Framework\View\Element\Template->fetchView('/var/www/avita-...')
#31 /var/www/avita-store/app/code/Ves/PageBuilder/Block/Widget/Page.php(255): Magento\Framework\View\Element\Template->_toHtml()
#32 /var/www/avita-store/vendor/magento/framework/View/Element/AbstractBlock.php(659): Ves\PageBuilder\Block\Widget\Page->_toHtml()
#33 /var/www/avita-store/vendor/magento/module-widget/Model/Template/Filter.php(117): Magento\Framework\View\Element\AbstractBlock->toHtml()
#34 /var/www/avita-store/vendor/magento/module-widget/Model/Template/Filter.php(128): Magento\Widget\Model\Template\Filter->generateWidget(Array)
#35 [internal function]: Magento\Widget\Model\Template\Filter->widgetDirective(Array)
#36 /var/www/avita-store/vendor/magento/framework/Filter/Template.php(141): call_user_func(Array, Array)
#37 /var/www/avita-store/vendor/magento/module-email/Model/Template/Filter.php(1011): Magento\Framework\Filter\Template->filter('{{widget type="...')
#38 /var/www/avita-store/vendor/magento/module-cms/Block/Page.php(157): Magento\Email\Model\Template\Filter->filter('{{widget type="...')
#39 /var/www/avita-store/vendor/magento/framework/View/Element/AbstractBlock.php(659): Magento\Cms\Block\Page->_toHtml()
#40 /var/www/avita-store/vendor/magento/framework/View/Layout.php(542): Magento\Framework\View\Element\AbstractBlock->toHtml()
#41 /var/www/avita-store/vendor/magento/framework/View/Layout.php(518): Magento\Framework\View\Layout->_renderBlock('cms_page')
#42 /var/www/avita-store/var/generation/Magento/Framework/View/Layout/Interceptor.php(206): Magento\Framework\View\Layout->renderNonCachedElement('cms_page')
#43 /var/www/avita-store/vendor/magento/framework/View/Layout.php(472): Magento\Framework\View\Layout\Interceptor->renderNonCachedElement('cms_page')
#44 /var/www/avita-store/var/generation/Magento/Framework/View/Layout/Interceptor.php(193): Magento\Framework\View\Layout->renderElement('cms_page', true)
#45 /var/www/avita-store/vendor/magento/framework/View/Layout.php(569): Magento\Framework\View\Layout\Interceptor->renderElement('cms_page')
#46 /var/www/avita-store/vendor/magento/framework/View/Layout.php(520): Magento\Framework\View\Layout->_renderContainer('content')
#47 /var/www/avita-store/var/generation/Magento/Framework/View/Layout/Interceptor.php(206): Magento\Framework\View\Layout->renderNonCachedElement('content')
#48 /var/www/avita-store/vendor/magento/framework/View/Layout.php(472): Magento\Framework\View\Layout\Interceptor->renderNonCachedElement('content')
#49 /var/www/avita-store/var/generation/Magento/Framework/View/Layout/Interceptor.php(193): Magento\Framework\View\Layout->renderElement('content', true)
#50 /var/www/avita-store/vendor/magento/framework/View/Layout.php(569): Magento\Framework\View\Layout\Interceptor->renderElement('content')
#51 /var/www/avita-store/vendor/magento/framework/View/Layout.php(520): Magento\Framework\View\Layout->_renderContainer('main')
#52 /var/www/avita-store/var/generation/Magento/Framework/View/Layout/Interceptor.php(206): Magento\Framework\View\Layout->renderNonCachedElement('main')
#53 /var/www/avita-store/vendor/magento/framework/View/Layout.php(472): Magento\Framework\View\Layout\Interceptor->renderNonCachedElement('main')
#54 /var/www/avita-store/var/generation/Magento/Framework/View/Layout/Interceptor.php(193): Magento\Framework\View\Layout->renderElement('main', true)
#55 /var/www/avita-store/vendor/magento/framework/View/Layout.php(569): Magento\Framework\View\Layout\Interceptor->renderElement('main')
#56 /var/www/avita-store/vendor/magento/framework/View/Layout.php(520): Magento\Framework\View\Layout->_renderContainer('columns')
#57 /var/www/avita-store/var/generation/Magento/Framework/View/Layout/Interceptor.php(206): Magento\Framework\View\Layout->renderNonCachedElement('columns')
#58 /var/www/avita-store/vendor/magento/framework/View/Layout.php(472): Magento\Framework\View\Layout\Interceptor->renderNonCachedElement('columns')
#59 /var/www/avita-store/var/generation/Magento/Framework/View/Layout/Interceptor.php(193): Magento\Framework\View\Layout->renderElement('columns', true)
#60 /var/www/avita-store/vendor/magento/framework/View/Layout.php(569): Magento\Framework\View\Layout\Interceptor->renderElement('columns')
#61 /var/www/avita-store/vendor/magento/framework/View/Layout.php(520): Magento\Framework\View\Layout->_renderContainer('main.content')
#62 /var/www/avita-store/var/generation/Magento/Framework/View/Layout/Interceptor.php(206): Magento\Framework\View\Layout->renderNonCachedElement('main.content')
#63 /var/www/avita-store/vendor/magento/framework/View/Layout.php(472): Magento\Framework\View\Layout\Interceptor->renderNonCachedElement('main.content')
#64 /var/www/avita-store/var/generation/Magento/Framework/View/Layout/Interceptor.php(193): Magento\Framework\View\Layout->renderElement('main.content', true)
#65 /var/www/avita-store/vendor/magento/framework/View/Layout.php(569): Magento\Framework\View\Layout\Interceptor->renderElement('main.content')
#66 /var/www/avita-store/vendor/magento/framework/View/Layout.php(520): Magento\Framework\View\Layout->_renderContainer('page.wrapper')
#67 /var/www/avita-store/var/generation/Magento/Framework/View/Layout/Interceptor.php(206): Magento\Framework\View\Layout->renderNonCachedElement('page.wrapper')
#68 /var/www/avita-store/vendor/magento/framework/View/Layout.php(472): Magento\Framework\View\Layout\Interceptor->renderNonCachedElement('page.wrapper')
#69 /var/www/avita-store/var/generation/Magento/Framework/View/Layout/Interceptor.php(193): Magento\Framework\View\Layout->renderElement('page.wrapper', true)
#70 /var/www/avita-store/vendor/magento/framework/View/Layout.php(569): Magento\Framework\View\Layout\Interceptor->renderElement('page.wrapper')
#71 /var/www/avita-store/vendor/magento/framework/View/Layout.php(520): Magento\Framework\View\Layout->_renderContainer('root')
#72 /var/www/avita-store/var/generation/Magento/Framework/View/Layout/Interceptor.php(206): Magento\Framework\View\Layout->renderNonCachedElement('root')
#73 /var/www/avita-store/vendor/magento/framework/View/Layout.php(472): Magento\Framework\View\Layout\Interceptor->renderNonCachedElement('root')
#74 /var/www/avita-store/var/generation/Magento/Framework/View/Layout/Interceptor.php(193): Magento\Framework\View\Layout->renderElement('root', true)
#75 /var/www/avita-store/vendor/magento/framework/View/Layout.php(938): Magento\Framework\View\Layout\Interceptor->renderElement('root')
#76 /var/www/avita-store/vendor/magento/framework/Interception/Interceptor.php(146): Magento\Framework\View\Layout->getOutput()
#77 /var/www/avita-store/var/generation/Magento/Framework/View/Layout/Interceptor.php(494): Magento\Framework\View\Layout\Interceptor->___callPlugins('getOutput', Array, Array)
#78 /var/www/avita-store/vendor/magento/framework/View/Result/Page.php(243): Magento\Framework\View\Layout\Interceptor->getOutput()
#79 /var/www/avita-store/vendor/magento/framework/View/Result/Layout.php(164): Magento\Framework\View\Result\Page->render(Object(Magento\Framework\App\Response\Http\Interceptor))
#80 /var/www/avita-store/vendor/magento/framework/Interception/Interceptor.php(74): Magento\Framework\View\Result\Layout->renderResult(Object(Magento\Framework\App\Response\Http\Interceptor))
#81 /var/www/avita-store/vendor/magento/framework/Interception/Chain/Chain.php(70): Magento\Framework\View\Result\Page\Interceptor->___callParent('renderResult', Array)
#82 /var/www/avita-store/vendor/magento/framework/Interception/Chain/Chain.php(63): Magento\Framework\Interception\Chain\Chain->invokeNext('Magento\\Framewo...', 'renderResult', Object(Magento\Framework\View\Result\Page\Interceptor), Array, 'result-varnish-...')
#83 /var/www/avita-store/vendor/magento/module-page-cache/Model/Controller/Result/VarnishPlugin.php(74): Magento\Framework\Interception\Chain\Chain->Magento\Framework\Interception\Chain\{closure}(Object(Magento\Framework\App\Response\Http\Interceptor))
#84 /var/www/avita-store/vendor/magento/framework/Interception/Chain/Chain.php(67): Magento\PageCache\Model\Controller\Result\VarnishPlugin->aroundRenderResult(Object(Magento\Framework\View\Result\Page\Interceptor), Object(Closure), Object(Magento\Framework\App\Response\Http\Interceptor))
#85 /var/www/avita-store/vendor/magento/framework/Interception/Interceptor.php(138): Magento\Framework\Interception\Chain\Chain->invokeNext('Magento\\Framewo...', 'renderResult', Object(Magento\Framework\View\Result\Page\Interceptor), Array, 'result-builtin-...')
#86 /var/www/avita-store/vendor/magento/module-page-cache/Model/Controller/Result/BuiltinPlugin.php(67): Magento\Framework\View\Result\Page\Interceptor->Magento\Framework\Interception\{closure}(Object(Magento\Framework\App\Response\Http\Interceptor))
#87 /var/www/avita-store/vendor/magento/framework/Interception/Interceptor.php(142): Magento\PageCache\Model\Controller\Result\BuiltinPlugin->aroundRenderResult(Object(Magento\Framework\View\Result\Page\Interceptor), Object(Closure), Object(Magento\Framework\App\Response\Http\Interceptor))
#88 /var/www/avita-store/var/generation/Magento/Framework/View/Result/Page/Interceptor.php(130): Magento\Framework\View\Result\Page\Interceptor->___callPlugins('renderResult', Array, Array)
#89 /var/www/avita-store/vendor/magento/framework/App/Http.php(139): Magento\Framework\View\Result\Page\Interceptor->renderResult(Object(Magento\Framework\App\Response\Http\Interceptor))
#90 /var/www/avita-store/vendor/magento/framework/App/Bootstrap.php(258): Magento\Framework\App\Http->launch()
#91 /var/www/avita-store/index.php(39): Magento\Framework\App\Bootstrap->run(Object(Magento\Framework\App\Http))
#92 {main} [] []
[2019-07-10 10:43:19] main.CRITICAL: Exception: Notice: Undefined property: stdClass::$data in /var/www/avita-store/app/code/Ves/BaseWidget/Block/Widget/Instagram.php on line 114 in /var/www/avita-store/vendor/magento/framework/App/ErrorHandler.php:61
Stack trace:
#0 /var/www/avita-store/app/code/Ves/BaseWidget/Block/Widget/Instagram.php(114): Magento\Framework\App\ErrorHandler->handler(8, 'Undefined prope...', '/var/www/avita-...', 114, Array)
#1 /var/www/avita-store/vendor/magento/framework/View/Element/AbstractBlock.php(659): Ves\BaseWidget\Block\Widget\Instagram->_toHtml()
#2 /var/www/avita-store/vendor/magento/module-widget/Model/Template/Filter.php(117): Magento\Framework\View\Element\AbstractBlock->toHtml()
#3 /var/www/avita-store/vendor/magento/module-widget/Model/Template/Filter.php(128): Magento\Widget\Model\Template\Filter->generateWidget(Array)
#4 [internal function]: Magento\Widget\Model\Template\Filter->widgetDirective(Array)
#5 /var/www/avita-store/vendor/magento/framework/Filter/Template.php(141): call_user_func(Array, Array)
#6 /var/www/avita-store/vendor/magento/module-email/Model/Template/Filter.php(1011): Magento\Framework\Filter\Template->filter('{{widget type="...')
#7 /var/www/avita-store/app/code/Ves/PageBuilder/Helper/Data.php(152): Magento\Email\Model\Template\Filter->filter('{{widget type="...')
#8 /var/www/avita-store/app/code/Ves/PageBuilder/Block/Widget/Builder.php(185): Ves\PageBuilder\Helper\Data->filter('{{widget type="...')
#9 [internal function]: Ves\PageBuilder\Block\Widget\Builder->renderWidgetShortcode('{{widget type="...')
#10 /var/www/avita-store/vendor/magento/framework/View/TemplateEngine/Php.php(82): call_user_func_array(Array, Array)
#11 /var/www/avita-store/app/code/Ves/PageBuilder/view/frontend/templates/blockbuilder/row.phtml(178): Magento\Framework\View\TemplateEngine\Php->__call('renderWidgetSho...', Array)
#12 /var/www/avita-store/app/code/Ves/PageBuilder/view/frontend/templates/blockbuilder/default.phtml(24): require('/var/www/avita-...')
#13 /var/www/avita-store/vendor/magento/framework/View/TemplateEngine/Php.php(59): include('/var/www/avita-...')
#14 /var/www/avita-store/vendor/magento/framework/View/Element/Template.php(255): Magento\Framework\View\TemplateEngine\Php->render(Object(Ves\PageBuilder\Block\Widget\Builder), '/var/www/avita-...', Array)
#15 /var/www/avita-store/vendor/magento/framework/View/Element/Template.php(279): Magento\Framework\View\Element\Template->fetchView('/var/www/avita-...')
#16 /var/www/avita-store/app/code/Ves/PageBuilder/Block/Widget/Builder.php(176): Magento\Framework\View\Element\Template->_toHtml()
#17 /var/www/avita-store/vendor/magento/framework/View/Element/AbstractBlock.php(659): Ves\PageBuilder\Block\Widget\Builder->_toHtml()
#18 /var/www/avita-store/vendor/magento/module-widget/Model/Template/Filter.php(117): Magento\Framework\View\Element\AbstractBlock->toHtml()
#19 /var/www/avita-store/vendor/magento/module-widget/Model/Template/Filter.php(128): Magento\Widget\Model\Template\Filter->generateWidget(Array)
#20 [internal function]: Magento\Widget\Model\Template\Filter->widgetDirective(Array)
#21 /var/www/avita-store/vendor/magento/framework/Filter/Template.php(141): call_user_func(Array, Array)
#22 /var/www/avita-store/vendor/magento/module-email/Model/Template/Filter.php(1011): Magento\Framework\Filter\Template->filter('<div>{{widget t...')
#23 /var/www/avita-store/app/code/Ves/Themesettings/Helper/Data.php(219): Magento\Email\Model\Template\Filter->filter('<div>{{widget t...')
#24 /var/www/avita-store/app/code/Ves/Themesettings/view/frontend/templates/html/footer/footer-top.phtml(19): Ves\Themesettings\Helper\Data->filter('<div>{{widget t...')
#25 /var/www/avita-store/vendor/magento/framework/View/TemplateEngine/Php.php(59): include('/var/www/avita-...')
#26 /var/www/avita-store/vendor/magento/framework/View/Element/Template.php(255): Magento\Framework\View\TemplateEngine\Php->render(Object(Ves\Themesettings\Block\Html\Footer), '/var/www/avita-...', Array)
#27 /var/www/avita-store/vendor/magento/framework/View/Element/Template.php(279): Magento\Framework\View\Element\Template->fetchView('/var/www/avita-...')
#28 /var/www/avita-store/vendor/magento/framework/View/Element/AbstractBlock.php(659): Magento\Framework\View\Element\Template->_toHtml()
#29 /var/www/avita-store/vendor/magento/framework/View/Layout.php(542): Magento\Framework\View\Element\AbstractBlock->toHtml()
#30 /var/www/avita-store/vendor/magento/framework/View/Layout.php(518): Magento\Framework\View\Layout->_renderBlock('ves.footer.top')
#31 /var/www/avita-store/var/generation/Magento/Framework/View/Layout/Interceptor.php(206): Magento\Framework\View\Layout->renderNonCachedElement('ves.footer.top')
#32 /var/www/avita-store/vendor/magento/framework/View/Layout.php(472): Magento\Framework\View\Layout\Interceptor->renderNonCachedElement('ves.footer.top')
#33 /var/www/avita-store/var/generation/Magento/Framework/View/Layout/Interceptor.php(193): Magento\Framework\View\Layout->renderElement('ves.footer.top', true)
#34 /var/www/avita-store/vendor/magento/framework/View/Layout.php(569): Magento\Framework\View\Layout\Interceptor->renderElement('ves.footer.top')
#35 /var/www/avita-store/vendor/magento/framework/View/Layout.php(520): Magento\Framework\View\Layout->_renderContainer('footer-top')
#36 /var/www/avita-store/var/generation/Magento/Framework/View/Layout/Interceptor.php(206): Magento\Framework\View\Layout->renderNonCachedElement('footer-top')
#37 /var/www/avita-store/vendor/magento/framework/View/Layout.php(472): Magento\Framework\View\Layout\Interceptor->renderNonCachedElement('footer-top')
#38 /var/www/avita-store/var/generation/Magento/Framework/View/Layout/Interceptor.php(193): Magento\Framework\View\Layout->renderElement('footer-top', true)
#39 /var/www/avita-store/vendor/magento/framework/View/Layout.php(569): Magento\Framework\View\Layout\Interceptor->renderElement('footer-top')
#40 /var/www/avita-store/vendor/magento/framework/View/Layout.php(520): Magento\Framework\View\Layout->_renderContainer('footer')
#41 /var/www/avita-store/var/generation/Magento/Framework/View/Layout/Interceptor.php(206): Magento\Framework\View\Layout->renderNonCachedElement('footer')
#42 /var/www/avita-store/vendor/magento/framework/View/Layout.php(472): Magento\Framework\View\Layout\Interceptor->renderNonCachedElement('footer')
#43 /var/www/avita-store/var/generation/Magento/Framework/View/Layout/Interceptor.php(193): Magento\Framework\View\Layout->renderElement('footer', true)
#44 /var/www/avita-store/vendor/magento/framework/View/Layout.php(569): Magento\Framework\View\Layout\Interceptor->renderElement('footer')
#45 /var/www/avita-store/vendor/magento/framework/View/Layout.php(520): Magento\Framework\View\Layout->_renderContainer('footer-containe...')
#46 /var/www/avita-store/var/generation/Magento/Framework/View/Layout/Interceptor.php(206): Magento\Framework\View\Layout->renderNonCachedElement('footer-containe...')
#47 /var/www/avita-store/vendor/magento/framework/View/Layout.php(472): Magento\Framework\View\Layout\Interceptor->renderNonCachedElement('footer-containe...')
#48 /var/www/avita-store/var/generation/Magento/Framework/View/Layout/Interceptor.php(193): Magento\Framework\View\Layout->renderElement('footer-containe...', true)
#49 /var/www/avita-store/vendor/magento/framework/View/Layout.php(569): Magento\Framework\View\Layout\Interceptor->renderElement('footer-containe...')
#50 /var/www/avita-store/vendor/magento/framework/View/Layout.php(520): Magento\Framework\View\Layout->_renderContainer('page.wrapper')
#51 /var/www/avita-store/var/generation/Magento/Framework/View/Layout/Interceptor.php(206): Magento\Framework\View\Layout->renderNonCachedElement('page.wrapper')
#52 /var/www/avita-store/vendor/magento/framework/View/Layout.php(472): Magento\Framework\View\Layout\Interceptor->renderNonCachedElement('page.wrapper')
#53 /var/www/avita-store/var/generation/Magento/Framework/View/Layout/Interceptor.php(193): Magento\Framework\View\Layout->renderElement('page.wrapper', true)
#54 /var/www/avita-store/vendor/magento/framework/View/Layout.php(569): Magento\Framework\View\Layout\Interceptor->renderElement('page.wrapper')
#55 /var/www/avita-store/vendor/magento/framework/View/Layout.php(520): Magento\Framework\View\Layout->_renderContainer('root')
#56 /var/www/avita-store/var/generation/Magento/Framework/View/Layout/Interceptor.php(206): Magento\Framework\View\Layout->renderNonCachedElement('root')
#57 /var/www/avita-store/vendor/magento/framework/View/Layout.php(472): Magento\Framework\View\Layout\Interceptor->renderNonCachedElement('root')
#58 /var/www/avita-store/var/generation/Magento/Framework/View/Layout/Interceptor.php(193): Magento\Framework\View\Layout->renderElement('root', true)
#59 /var/www/avita-store/vendor/magento/framework/View/Layout.php(938): Magento\Framework\View\Layout\Interceptor->renderElement('root')
#60 /var/www/avita-store/vendor/magento/framework/Interception/Interceptor.php(146): Magento\Framework\View\Layout->getOutput()
#61 /var/www/avita-store/var/generation/Magento/Framework/View/Layout/Interceptor.php(494): Magento\Framework\View\Layout\Interceptor->___callPlugins('getOutput', Array, Array)
#62 /var/www/avita-store/vendor/magento/framework/View/Result/Page.php(243): Magento\Framework\View\Layout\Interceptor->getOutput()
#63 /var/www/avita-store/vendor/magento/framework/View/Result/Layout.php(164): Magento\Framework\View\Result\Page->render(Object(Magento\Framework\App\Response\Http\Interceptor))
#64 /var/www/avita-store/vendor/magento/framework/Interception/Interceptor.php(74): Magento\Framework\View\Result\Layout->renderResult(Object(Magento\Framework\App\Response\Http\Interceptor))
#65 /var/www/avita-store/vendor/magento/framework/Interception/Chain/Chain.php(70): Magento\Framework\View\Result\Page\Interceptor->___callParent('renderResult', Array)
#66 /var/www/avita-store/vendor/magento/framework/Interception/Chain/Chain.php(63): Magento\Framework\Interception\Chain\Chain->invokeNext('Magento\\Framewo...', 'renderResult', Object(Magento\Framework\View\Result\Page\Interceptor), Array, 'result-varnish-...')
#67 /var/www/avita-store/vendor/magento/module-page-cache/Model/Controller/Result/VarnishPlugin.php(74): Magento\Framework\Interception\Chain\Chain->Magento\Framework\Interception\Chain\{closure}(Object(Magento\Framework\App\Response\Http\Interceptor))
#68 /var/www/avita-store/vendor/magento/framework/Interception/Chain/Chain.php(67): Magento\PageCache\Model\Controller\Result\VarnishPlugin->aroundRenderResult(Object(Magento\Framework\View\Result\Page\Interceptor), Object(Closure), Object(Magento\Framework\App\Response\Http\Interceptor))
#69 /var/www/avita-store/vendor/magento/framework/Interception/Interceptor.php(138): Magento\Framework\Interception\Chain\Chain->invokeNext('Magento\\Framewo...', 'renderResult', Object(Magento\Framework\View\Result\Page\Interceptor), Array, 'result-builtin-...')
#70 /var/www/avita-store/vendor/magento/module-page-cache/Model/Controller/Result/BuiltinPlugin.php(67): Magento\Framework\View\Result\Page\Interceptor->Magento\Framework\Interception\{closure}(Object(Magento\Framework\App\Response\Http\Interceptor))
#71 /var/www/avita-store/vendor/magento/framework/Interception/Interceptor.php(142): Magento\PageCache\Model\Controller\Result\BuiltinPlugin->aroundRenderResult(Object(Magento\Framework\View\Result\Page\Interceptor), Object(Closure), Object(Magento\Framework\App\Response\Http\Interceptor))
#72 /var/www/avita-store/var/generation/Magento/Framework/View/Result/Page/Interceptor.php(130): Magento\Framework\View\Result\Page\Interceptor->___callPlugins('renderResult', Array, Array)
#73 /var/www/avita-store/vendor/magento/framework/App/Http.php(139): Magento\Framework\View\Result\Page\Interceptor->renderResult(Object(Magento\Framework\App\Response\Http\Interceptor))
#74 /var/www/avita-store/vendor/magento/framework/App/Bootstrap.php(258): Magento\Framework\App\Http->launch()
#75 /var/www/avita-store/index.php(39): Magento\Framework\App\Bootstrap->run(Object(Magento\Framework\App\Http))
#76 {main} [] []
[2019-07-13 13:51:32] main.CRITICAL: Exception: Notice: Undefined property: stdClass::$data in /var/www/avita-store/app/code/Ves/BaseWidget/Block/Widget/Instagram.php on line 114 in /var/www/avita-store/vendor/magento/framework/App/ErrorHandler.php:61
Stack trace:
#0 /var/www/avita-store/app/code/Ves/BaseWidget/Block/Widget/Instagram.php(114): Magento\Framework\App\ErrorHandler->handler(8, 'Undefined prope...', '/var/www/avita-...', 114, Array)
#1 /var/www/avita-store/vendor/magento/framework/View/Element/AbstractBlock.php(659): Ves\BaseWidget\Block\Widget\Instagram->_toHtml()
#2 /var/www/avita-store/vendor/magento/module-widget/Model/Template/Filter.php(117): Magento\Framework\View\Element\AbstractBlock->toHtml()
#3 /var/www/avita-store/vendor/magento/module-widget/Model/Template/Filter.php(128): Magento\Widget\Model\Template\Filter->generateWidget(Array)
#4 [internal function]: Magento\Widget\Model\Template\Filter->widgetDirective(Array)
#5 /var/www/avita-store/vendor/magento/framework/Filter/Template.php(141): call_user_func(Array, Array)
#6 /var/www/avita-store/vendor/magento/module-email/Model/Template/Filter.php(1011): Magento\Framework\Filter\Template->filter('{{widget type="...')
#7 /var/www/avita-store/app/code/Ves/PageBuilder/Helper/Data.php(152): Magento\Email\Model\Template\Filter->filter('{{widget type="...')
#8 /var/www/avita-store/app/code/Ves/PageBuilder/Block/Widget/Builder.php(185): Ves\PageBuilder\Helper\Data->filter('{{widget type="...')
#9 [internal function]: Ves\PageBuilder\Block\Widget\Builder->renderWidgetShortcode('{{widget type="...')
#10 /var/www/avita-store/vendor/magento/framework/View/TemplateEngine/Php.php(82): call_user_func_array(Array, Array)
#11 /var/www/avita-store/app/code/Ves/PageBuilder/view/frontend/templates/blockbuilder/row.phtml(178): Magento\Framework\View\TemplateEngine\Php->__call('renderWidgetSho...', Array)
#12 /var/www/avita-store/app/code/Ves/PageBuilder/view/frontend/templates/blockbuilder/default.phtml(24): require('/var/www/avita-...')
#13 /var/www/avita-store/vendor/magento/framework/View/TemplateEngine/Php.php(59): include('/var/www/avita-...')
#14 /var/www/avita-store/vendor/magento/framework/View/Element/Template.php(255): Magento\Framework\View\TemplateEngine\Php->render(Object(Ves\PageBuilder\Block\Widget\Builder), '/var/www/avita-...', Array)
#15 /var/www/avita-store/vendor/magento/framework/View/Element/Template.php(279): Magento\Framework\View\Element\Template->fetchView('/var/www/avita-...')
#16 /var/www/avita-store/app/code/Ves/PageBuilder/Block/Widget/Builder.php(176): Magento\Framework\View\Element\Template->_toHtml()
#17 /var/www/avita-store/vendor/magento/framework/View/Element/AbstractBlock.php(659): Ves\PageBuilder\Block\Widget\Builder->_toHtml()
#18 /var/www/avita-store/vendor/magento/module-widget/Model/Template/Filter.php(117): Magento\Framework\View\Element\AbstractBlock->toHtml()
#19 /var/www/avita-store/vendor/magento/module-widget/Model/Template/Filter.php(128): Magento\Widget\Model\Template\Filter->generateWidget(Array)
#20 [internal function]: Magento\Widget\Model\Template\Filter->widgetDirective(Array)
#21 /var/www/avita-store/vendor/magento/framework/Filter/Template.php(141): call_user_func(Array, Array)
#22 /var/www/avita-store/vendor/magento/module-email/Model/Template/Filter.php(1011): Magento\Framework\Filter\Template->filter('{{widget type="...')
#23 /var/www/avita-store/app/code/Ves/PageBuilder/Helper/Data.php(152): Magento\Email\Model\Template\Filter->filter('{{widget type="...')
#24 /var/www/avita-store/app/code/Ves/PageBuilder/Block/Widget/Page.php(389): Ves\PageBuilder\Helper\Data->filter('{{widget type="...')
#25 [internal function]: Ves\PageBuilder\Block\Widget\Page->renderWidgetShortcode('{{widget type="...')
#26 /var/www/avita-store/vendor/magento/framework/View/TemplateEngine/Php.php(82): call_user_func_array(Array, Array)
#27 /var/www/avita-store/app/code/Ves/PageBuilder/view/frontend/templates/pagebuilder/default.phtml(171): Magento\Framework\View\TemplateEngine\Php->__call('renderWidgetSho...', Array)
#28 /var/www/avita-store/vendor/magento/framework/View/TemplateEngine/Php.php(59): include('/var/www/avita-...')
#29 /var/www/avita-store/vendor/magento/framework/View/Element/Template.php(255): Magento\Framework\View\TemplateEngine\Php->render(Object(Ves\PageBuilder\Block\Widget\Page), '/var/www/avita-...', Array)
#30 /var/www/avita-store/vendor/magento/framework/View/Element/Template.php(279): Magento\Framework\View\Element\Template->fetchView('/var/www/avita-...')
#31 /var/www/avita-store/app/code/Ves/PageBuilder/Block/Widget/Page.php(255): Magento\Framework\View\Element\Template->_toHtml()
#32 /var/www/avita-store/vendor/magento/framework/View/Element/AbstractBlock.php(659): Ves\PageBuilder\Block\Widget\Page->_toHtml()
#33 /var/www/avita-store/vendor/magento/module-widget/Model/Template/Filter.php(117): Magento\Framework\View\Element\AbstractBlock->toHtml()
#34 /var/www/avita-store/vendor/magento/module-widget/Model/Template/Filter.php(128): Magento\Widget\Model\Template\Filter->generateWidget(Array)
#35 [internal function]: Magento\Widget\Model\Template\Filter->widgetDirective(Array)
#36 /var/www/avita-store/vendor/magento/framework/Filter/Template.php(141): call_user_func(Array, Array)
#37 /var/www/avita-store/vendor/magento/module-email/Model/Template/Filter.php(1011): Magento\Framework\Filter\Template->filter('{{widget type="...')
#38 /var/www/avita-store/vendor/magento/module-cms/Block/Page.php(157): Magento\Email\Model\Template\Filter->filter('{{widget type="...')
#39 /var/www/avita-store/vendor/magento/framework/View/Element/AbstractBlock.php(659): Magento\Cms\Block\Page->_toHtml()
#40 /var/www/avita-store/vendor/magento/framework/View/Layout.php(542): Magento\Framework\View\Element\AbstractBlock->toHtml()
#41 /var/www/avita-store/vendor/magento/framework/View/Layout.php(518): Magento\Framework\View\Layout->_renderBlock('cms_page')
#42 /var/www/avita-store/var/generation/Magento/Framework/View/Layout/Interceptor.php(206): Magento\Framework\View\Layout->renderNonCachedElement('cms_page')
#43 /var/www/avita-store/vendor/magento/framework/View/Layout.php(472): Magento\Framework\View\Layout\Interceptor->renderNonCachedElement('cms_page')
#44 /var/www/avita-store/var/generation/Magento/Framework/View/Layout/Interceptor.php(193): Magento\Framework\View\Layout->renderElement('cms_page', true)
#45 /var/www/avita-store/vendor/magento/framework/View/Layout.php(569): Magento\Framework\View\Layout\Interceptor->renderElement('cms_page')
#46 /var/www/avita-store/vendor/magento/framework/View/Layout.php(520): Magento\Framework\View\Layout->_renderContainer('content')
#47 /var/www/avita-store/var/generation/Magento/Framework/View/Layout/Interceptor.php(206): Magento\Framework\View\Layout->renderNonCachedElement('content')
#48 /var/www/avita-store/vendor/magento/framework/View/Layout.php(472): Magento\Framework\View\Layout\Interceptor->renderNonCachedElement('content')
#49 /var/www/avita-store/var/generation/Magento/Framework/View/Layout/Interceptor.php(193): Magento\Framework\View\Layout->renderElement('content', true)
#50 /var/www/avita-store/vendor/magento/framework/View/Layout.php(569): Magento\Framework\View\Layout\Interceptor->renderElement('content')
#51 /var/www/avita-store/vendor/magento/framework/View/Layout.php(520): Magento\Framework\View\Layout->_renderContainer('main')
#52 /var/www/avita-store/var/generation/Magento/Framework/View/Layout/Interceptor.php(206): Magento\Framework\View\Layout->renderNonCachedElement('main')
#53 /var/www/avita-store/vendor/magento/framework/View/Layout.php(472): Magento\Framework\View\Layout\Interceptor->renderNonCachedElement('main')
#54 /var/www/avita-store/var/generation/Magento/Framework/View/Layout/Interceptor.php(193): Magento\Framework\View\Layout->renderElement('main', true)
#55 /var/www/avita-store/vendor/magento/framework/View/Layout.php(569): Magento\Framework\View\Layout\Interceptor->renderElement('main')
#56 /var/www/avita-store/vendor/magento/framework/View/Layout.php(520): Magento\Framework\View\Layout->_renderContainer('columns')
#57 /var/www/avita-store/var/generation/Magento/Framework/View/Layout/Interceptor.php(206): Magento\Framework\View\Layout->renderNonCachedElement('columns')
#58 /var/www/avita-store/vendor/magento/framework/View/Layout.php(472): Magento\Framework\View\Layout\Interceptor->renderNonCachedElement('columns')
#59 /var/www/avita-store/var/generation/Magento/Framework/View/Layout/Interceptor.php(193): Magento\Framework\View\Layout->renderElement('columns', true)
#60 /var/www/avita-store/vendor/magento/framework/View/Layout.php(569): Magento\Framework\View\Layout\Interceptor->renderElement('columns')
#61 /var/www/avita-store/vendor/magento/framework/View/Layout.php(520): Magento\Framework\View\Layout->_renderContainer('main.content')
#62 /var/www/avita-store/var/generation/Magento/Framework/View/Layout/Interceptor.php(206): Magento\Framework\View\Layout->renderNonCachedElement('main.content')
#63 /var/www/avita-store/vendor/magento/framework/View/Layout.php(472): Magento\Framework\View\Layout\Interceptor->renderNonCachedElement('main.content')
#64 /var/www/avita-store/var/generation/Magento/Framework/View/Layout/Interceptor.php(193): Magento\Framework\View\Layout->renderElement('main.content', true)
#65 /var/www/avita-store/vendor/magento/framework/View/Layout.php(569): Magento\Framework\View\Layout\Interceptor->renderElement('main.content')
#66 /var/www/avita-store/vendor/magento/framework/View/Layout.php(520): Magento\Framework\View\Layout->_renderContainer('page.wrapper')
#67 /var/www/avita-store/var/generation/Magento/Framework/View/Layout/Interceptor.php(206): Magento\Framework\View\Layout->renderNonCachedElement('page.wrapper')
#68 /var/www/avita-store/vendor/magento/framework/View/Layout.php(472): Magento\Framework\View\Layout\Interceptor->renderNonCachedElement('page.wrapper')
#69 /var/www/avita-store/var/generation/Magento/Framework/View/Layout/Interceptor.php(193): Magento\Framework\View\Layout->renderElement('page.wrapper', true)
#70 /var/www/avita-store/vendor/magento/framework/View/Layout.php(569): Magento\Framework\View\Layout\Interceptor->renderElement('page.wrapper')
#71 /var/www/avita-store/vendor/magento/framework/View/Layout.php(520): Magento\Framework\View\Layout->_renderContainer('root')
#72 /var/www/avita-store/var/generation/Magento/Framework/View/Layout/Interceptor.php(206): Magento\Framework\View\Layout->renderNonCachedElement('root')
#73 /var/www/avita-store/vendor/magento/framework/View/Layout.php(472): Magento\Framework\View\Layout\Interceptor->renderNonCachedElement('root')
#74 /var/www/avita-store/var/generation/Magento/Framework/View/Layout/Interceptor.php(193): Magento\Framework\View\Layout->renderElement('root', true)
#75 /var/www/avita-store/vendor/magento/framework/View/Layout.php(938): Magento\Framework\View\Layout\Interceptor->renderElement('root')
#76 /var/www/avita-store/vendor/magento/framework/Interception/Interceptor.php(146): Magento\Framework\View\Layout->getOutput()
#77 /var/www/avita-store/var/generation/Magento/Framework/View/Layout/Interceptor.php(494): Magento\Framework\View\Layout\Interceptor->___callPlugins('getOutput', Array, Array)
#78 /var/www/avita-store/vendor/magento/framework/View/Result/Page.php(243): Magento\Framework\View\Layout\Interceptor->getOutput()
#79 /var/www/avita-store/vendor/magento/framework/View/Result/Layout.php(164): Magento\Framework\View\Result\Page->render(Object(Magento\Framework\App\Response\Http\Interceptor))
#80 /var/www/avita-store/vendor/magento/framework/Interception/Interceptor.php(74): Magento\Framework\View\Result\Layout->renderResult(Object(Magento\Framework\App\Response\Http\Interceptor))
#81 /var/www/avita-store/vendor/magento/framework/Interception/Chain/Chain.php(70): Magento\Framework\View\Result\Page\Interceptor->___callParent('renderResult', Array)
#82 /var/www/avita-store/vendor/magento/framework/Interception/Chain/Chain.php(63): Magento\Framework\Interception\Chain\Chain->invokeNext('Magento\\Framewo...', 'renderResult', Object(Magento\Framework\View\Result\Page\Interceptor), Array, 'result-varnish-...')
#83 /var/www/avita-store/vendor/magento/module-page-cache/Model/Controller/Result/VarnishPlugin.php(74): Magento\Framework\Interception\Chain\Chain->Magento\Framework\Interception\Chain\{closure}(Object(Magento\Framework\App\Response\Http\Interceptor))
#84 /var/www/avita-store/vendor/magento/framework/Interception/Chain/Chain.php(67): Magento\PageCache\Model\Controller\Result\VarnishPlugin->aroundRenderResult(Object(Magento\Framework\View\Result\Page\Interceptor), Object(Closure), Object(Magento\Framework\App\Response\Http\Interceptor))
#85 /var/www/avita-store/vendor/magento/framework/Interception/Interceptor.php(138): Magento\Framework\Interception\Chain\Chain->invokeNext('Magento\\Framewo...', 'renderResult', Object(Magento\Framework\View\Result\Page\Interceptor), Array, 'result-builtin-...')
#86 /var/www/avita-store/vendor/magento/module-page-cache/Model/Controller/Result/BuiltinPlugin.php(67): Magento\Framework\View\Result\Page\Interceptor->Magento\Framework\Interception\{closure}(Object(Magento\Framework\App\Response\Http\Interceptor))
#87 /var/www/avita-store/vendor/magento/framework/Interception/Interceptor.php(142): Magento\PageCache\Model\Controller\Result\BuiltinPlugin->aroundRenderResult(Object(Magento\Framework\View\Result\Page\Interceptor), Object(Closure), Object(Magento\Framework\App\Response\Http\Interceptor))
#88 /var/www/avita-store/var/generation/Magento/Framework/View/Result/Page/Interceptor.php(130): Magento\Framework\View\Result\Page\Interceptor->___callPlugins('renderResult', Array, Array)
#89 /var/www/avita-store/vendor/magento/framework/App/Http.php(139): Magento\Framework\View\Result\Page\Interceptor->renderResult(Object(Magento\Framework\App\Response\Http\Interceptor))
#90 /var/www/avita-store/vendor/magento/framework/App/Bootstrap.php(258): Magento\Framework\App\Http->launch()
#91 /var/www/avita-store/index.php(39): Magento\Framework\App\Bootstrap->run(Object(Magento\Framework\App\Http))
#92 {main} [] []
[2019-07-13 22:10:08] main.CRITICAL: Exception: Notice: Undefined property: stdClass::$data in /var/www/avita-store/app/code/Ves/BaseWidget/Block/Widget/Instagram.php on line 114 in /var/www/avita-store/vendor/magento/framework/App/ErrorHandler.php:61
Stack trace:
#0 /var/www/avita-store/app/code/Ves/BaseWidget/Block/Widget/Instagram.php(114): Magento\Framework\App\ErrorHandler->handler(8, 'Undefined prope...', '/var/www/avita-...', 114, Array)
#1 /var/www/avita-store/vendor/magento/framework/View/Element/AbstractBlock.php(659): Ves\BaseWidget\Block\Widget\Instagram->_toHtml()
#2 /var/www/avita-store/vendor/magento/module-widget/Model/Template/Filter.php(117): Magento\Framework\View\Element\AbstractBlock->toHtml()
#3 /var/www/avita-store/vendor/magento/module-widget/Model/Template/Filter.php(128): Magento\Widget\Model\Template\Filter->generateWidget(Array)
#4 [internal function]: Magento\Widget\Model\Template\Filter->widgetDirective(Array)
#5 /var/www/avita-store/vendor/magento/framework/Filter/Template.php(141): call_user_func(Array, Array)
#6 /var/www/avita-store/vendor/magento/module-email/Model/Template/Filter.php(1011): Magento\Framework\Filter\Template->filter('{{widget type="...')
#7 /var/www/avita-store/app/code/Ves/PageBuilder/Helper/Data.php(152): Magento\Email\Model\Template\Filter->filter('{{widget type="...')
#8 /var/www/avita-store/app/code/Ves/PageBuilder/Block/Widget/Builder.php(185): Ves\PageBuilder\Helper\Data->filter('{{widget type="...')
#9 [internal function]: Ves\PageBuilder\Block\Widget\Builder->renderWidgetShortcode('{{widget type="...')
#10 /var/www/avita-store/vendor/magento/framework/View/TemplateEngine/Php.php(82): call_user_func_array(Array, Array)
#11 /var/www/avita-store/app/code/Ves/PageBuilder/view/frontend/templates/blockbuilder/row.phtml(178): Magento\Framework\View\TemplateEngine\Php->__call('renderWidgetSho...', Array)
#12 /var/www/avita-store/app/code/Ves/PageBuilder/view/frontend/templates/blockbuilder/default.phtml(24): require('/var/www/avita-...')
#13 /var/www/avita-store/vendor/magento/framework/View/TemplateEngine/Php.php(59): include('/var/www/avita-...')
#14 /var/www/avita-store/vendor/magento/framework/View/Element/Template.php(255): Magento\Framework\View\TemplateEngine\Php->render(Object(Ves\PageBuilder\Block\Widget\Builder), '/var/www/avita-...', Array)
#15 /var/www/avita-store/vendor/magento/framework/View/Element/Template.php(279): Magento\Framework\View\Element\Template->fetchView('/var/www/avita-...')
#16 /var/www/avita-store/app/code/Ves/PageBuilder/Block/Widget/Builder.php(176): Magento\Framework\View\Element\Template->_toHtml()
#17 /var/www/avita-store/vendor/magento/framework/View/Element/AbstractBlock.php(659): Ves\PageBuilder\Block\Widget\Builder->_toHtml()
#18 /var/www/avita-store/vendor/magento/module-widget/Model/Template/Filter.php(117): Magento\Framework\View\Element\AbstractBlock->toHtml()
#19 /var/www/avita-store/vendor/magento/module-widget/Model/Template/Filter.php(128): Magento\Widget\Model\Template\Filter->generateWidget(Array)
#20 [internal function]: Magento\Widget\Model\Template\Filter->widgetDirective(Array)
#21 /var/www/avita-store/vendor/magento/framework/Filter/Template.php(141): call_user_func(Array, Array)
#22 /var/www/avita-store/vendor/magento/module-email/Model/Template/Filter.php(1011): Magento\Framework\Filter\Template->filter('<div>{{widget t...')
#23 /var/www/avita-store/app/code/Ves/Themesettings/Helper/Data.php(219): Magento\Email\Model\Template\Filter->filter('<div>{{widget t...')
#24 /var/www/avita-store/app/code/Ves/Themesettings/view/frontend/templates/html/footer/footer-top.phtml(19): Ves\Themesettings\Helper\Data->filter('<div>{{widget t...')
#25 /var/www/avita-store/vendor/magento/framework/View/TemplateEngine/Php.php(59): include('/var/www/avita-...')
#26 /var/www/avita-store/vendor/magento/framework/View/Element/Template.php(255): Magento\Framework\View\TemplateEngine\Php->render(Object(Ves\Themesettings\Block\Html\Footer), '/var/www/avita-...', Array)
#27 /var/www/avita-store/vendor/magento/framework/View/Element/Template.php(279): Magento\Framework\View\Element\Template->fetchView('/var/www/avita-...')
#28 /var/www/avita-store/vendor/magento/framework/View/Element/AbstractBlock.php(659): Magento\Framework\View\Element\Template->_toHtml()
#29 /var/www/avita-store/vendor/magento/framework/View/Layout.php(542): Magento\Framework\View\Element\AbstractBlock->toHtml()
#30 /var/www/avita-store/vendor/magento/framework/View/Layout.php(518): Magento\Framework\View\Layout->_renderBlock('ves.footer.top')
#31 /var/www/avita-store/var/generation/Magento/Framework/View/Layout/Interceptor.php(206): Magento\Framework\View\Layout->renderNonCachedElement('ves.footer.top')
#32 /var/www/avita-store/vendor/magento/framework/View/Layout.php(472): Magento\Framework\View\Layout\Interceptor->renderNonCachedElement('ves.footer.top')
#33 /var/www/avita-store/var/generation/Magento/Framework/View/Layout/Interceptor.php(193): Magento\Framework\View\Layout->renderElement('ves.footer.top', true)
#34 /var/www/avita-store/vendor/magento/framework/View/Layout.php(569): Magento\Framework\View\Layout\Interceptor->renderElement('ves.footer.top')
#35 /var/www/avita-store/vendor/magento/framework/View/Layout.php(520): Magento\Framework\View\Layout->_renderContainer('footer-top')
#36 /var/www/avita-store/var/generation/Magento/Framework/View/Layout/Interceptor.php(206): Magento\Framework\View\Layout->renderNonCachedElement('footer-top')
#37 /var/www/avita-store/vendor/magento/framework/View/Layout.php(472): Magento\Framework\View\Layout\Interceptor->renderNonCachedElement('footer-top')
#38 /var/www/avita-store/var/generation/Magento/Framework/View/Layout/Interceptor.php(193): Magento\Framework\View\Layout->renderElement('footer-top', true)
#39 /var/www/avita-store/vendor/magento/framework/View/Layout.php(569): Magento\Framework\View\Layout\Interceptor->renderElement('footer-top')
#40 /var/www/avita-store/vendor/magento/framework/View/Layout.php(520): Magento\Framework\View\Layout->_renderContainer('footer')
#41 /var/www/avita-store/var/generation/Magento/Framework/View/Layout/Interceptor.php(206): Magento\Framework\View\Layout->renderNonCachedElement('footer')
#42 /var/www/avita-store/vendor/magento/framework/View/Layout.php(472): Magento\Framework\View\Layout\Interceptor->renderNonCachedElement('footer')
#43 /var/www/avita-store/var/generation/Magento/Framework/View/Layout/Interceptor.php(193): Magento\Framework\View\Layout->renderElement('footer', true)
#44 /var/www/avita-store/vendor/magento/framework/View/Layout.php(569): Magento\Framework\View\Layout\Interceptor->renderElement('footer')
#45 /var/www/avita-store/vendor/magento/framework/View/Layout.php(520): Magento\Framework\View\Layout->_renderContainer('footer-containe...')
#46 /var/www/avita-store/var/generation/Magento/Framework/View/Layout/Interceptor.php(206): Magento\Framework\View\Layout->renderNonCachedElement('footer-containe...')
#47 /var/www/avita-store/vendor/magento/framework/View/Layout.php(472): Magento\Framework\View\Layout\Interceptor->renderNonCachedElement('footer-containe...')
#48 /var/www/avita-store/var/generation/Magento/Framework/View/Layout/Interceptor.php(193): Magento\Framework\View\Layout->renderElement('footer-containe...', true)
#49 /var/www/avita-store/vendor/magento/framework/View/Layout.php(569): Magento\Framework\View\Layout\Interceptor->renderElement('footer-containe...')
#50 /var/www/avita-store/vendor/magento/framework/View/Layout.php(520): Magento\Framework\View\Layout->_renderContainer('page.wrapper')
#51 /var/www/avita-store/var/generation/Magento/Framework/View/Layout/Interceptor.php(206): Magento\Framework\View\Layout->renderNonCachedElement('page.wrapper')
#52 /var/www/avita-store/vendor/magento/framework/View/Layout.php(472): Magento\Framework\View\Layout\Interceptor->renderNonCachedElement('page.wrapper')
#53 /var/www/avita-store/var/generation/Magento/Framework/View/Layout/Interceptor.php(193): Magento\Framework\View\Layout->renderElement('page.wrapper', true)
#54 /var/www/avita-store/vendor/magento/framework/View/Layout.php(569): Magento\Framework\View\Layout\Interceptor->renderElement('page.wrapper')
#55 /var/www/avita-store/vendor/magento/framework/View/Layout.php(520): Magento\Framework\View\Layout->_renderContainer('root')
#56 /var/www/avita-store/var/generation/Magento/Framework/View/Layout/Interceptor.php(206): Magento\Framework\View\Layout->renderNonCachedElement('root')
#57 /var/www/avita-store/vendor/magento/framework/View/Layout.php(472): Magento\Framework\View\Layout\Interceptor->renderNonCachedElement('root')
#58 /var/www/avita-store/var/generation/Magento/Framework/View/Layout/Interceptor.php(193): Magento\Framework\View\Layout->renderElement('root', true)
#59 /var/www/avita-store/vendor/magento/framework/View/Layout.php(938): Magento\Framework\View\Layout\Interceptor->renderElement('root')
#60 /var/www/avita-store/vendor/magento/framework/Interception/Interceptor.php(146): Magento\Framework\View\Layout->getOutput()
#61 /var/www/avita-store/var/generation/Magento/Framework/View/Layout/Interceptor.php(494): Magento\Framework\View\Layout\Interceptor->___callPlugins('getOutput', Array, Array)
#62 /var/www/avita-store/vendor/magento/framework/View/Result/Page.php(243): Magento\Framework\View\Layout\Interceptor->getOutput()
#63 /var/www/avita-store/vendor/magento/framework/View/Result/Layout.php(164): Magento\Framework\View\Result\Page->render(Object(Magento\Framework\App\Response\Http\Interceptor))
#64 /var/www/avita-store/vendor/magento/framework/Interception/Interceptor.php(74): Magento\Framework\View\Result\Layout->renderResult(Object(Magento\Framework\App\Response\Http\Interceptor))
#65 /var/www/avita-store/vendor/magento/framework/Interception/Chain/Chain.php(70): Magento\Framework\View\Result\Page\Interceptor->___callParent('renderResult', Array)
#66 /var/www/avita-store/vendor/magento/framework/Interception/Chain/Chain.php(63): Magento\Framework\Interception\Chain\Chain->invokeNext('Magento\\Framewo...', 'renderResult', Object(Magento\Framework\View\Result\Page\Interceptor), Array, 'result-varnish-...')
#67 /var/www/avita-store/vendor/magento/module-page-cache/Model/Controller/Result/VarnishPlugin.php(74): Magento\Framework\Interception\Chain\Chain->Magento\Framework\Interception\Chain\{closure}(Object(Magento\Framework\App\Response\Http\Interceptor))
#68 /var/www/avita-store/vendor/magento/framework/Interception/Chain/Chain.php(67): Magento\PageCache\Model\Controller\Result\VarnishPlugin->aroundRenderResult(Object(Magento\Framework\View\Result\Page\Interceptor), Object(Closure), Object(Magento\Framework\App\Response\Http\Interceptor))
#69 /var/www/avita-store/vendor/magento/framework/Interception/Interceptor.php(138): Magento\Framework\Interception\Chain\Chain->invokeNext('Magento\\Framewo...', 'renderResult', Object(Magento\Framework\View\Result\Page\Interceptor), Array, 'result-builtin-...')
#70 /var/www/avita-store/vendor/magento/module-page-cache/Model/Controller/Result/BuiltinPlugin.php(67): Magento\Framework\View\Result\Page\Interceptor->Magento\Framework\Interception\{closure}(Object(Magento\Framework\App\Response\Http\Interceptor))
#71 /var/www/avita-store/vendor/magento/framework/Interception/Interceptor.php(142): Magento\PageCache\Model\Controller\Result\BuiltinPlugin->aroundRenderResult(Object(Magento\Framework\View\Result\Page\Interceptor), Object(Closure), Object(Magento\Framework\App\Response\Http\Interceptor))
#72 /var/www/avita-store/var/generation/Magento/Framework/View/Result/Page/Interceptor.php(130): Magento\Framework\View\Result\Page\Interceptor->___callPlugins('renderResult', Array, Array)
#73 /var/www/avita-store/vendor/magento/framework/App/Http.php(139): Magento\Framework\View\Result\Page\Interceptor->renderResult(Object(Magento\Framework\App\Response\Http\Interceptor))
#74 /var/www/avita-store/vendor/magento/framework/App/Bootstrap.php(258): Magento\Framework\App\Http->launch()
#75 /var/www/avita-store/index.php(39): Magento\Framework\App\Bootstrap->run(Object(Magento\Framework\App\Http))
#76 {main} [] []
