[2019-06-26 17:28:05] myLoggerName.INFO: Creating Order for orderId $orderId [] []
[2019-06-26 17:28:05] myLoggerName.INFO: Client ID: bBovibzzHHSseRs4ar0Cy29Wh524tSjD8by3uVeh | Client Secret : ZMXXj9gwJRLO4En9dK0fpMV6ZctSW6dCMvH0VEeacI6B5Yc4sEfY4nlTmhvSvZo8VDO6fk92lExRZdTdWBgvyRB0AkkIF0SYyTWjY36ivsY8Vu4ymc7I9EkIiov2F3OQ | Testmode: 0 [] []
[2019-06-26 17:28:05] myLoggerName.INFO: Date sent for creating order Array
(
    [transaction_id] => 1561570085-000000008
    [phone] => 8178890615
    [email] => sandy4u1994@gmail.com
    [name] => Sandeep Rawat
    [amount] => 39197
    [currency] => INR
    [redirect_url] => https://store.avita-india.com/instamojo/response/
)
 [] []
[2019-06-26 17:28:08] myLoggerName.INFO: Response from ServerstdClass Object
(
    [order] => stdClass Object
        (
            [id] => 3923bb5e5a0e4bd9a2ac61722b5fe342
            [transaction_id] => 1561570085-000000008
            [status] => pending
            [currency] => INR
            [amount] => 39197.00
            [name] => Sandeep Rawat
            [email] => sandy4u1994@gmail.com
            [phone] => +918178890615
            [description] => Instapay
            [redirect_url] => https://store.avita-india.com/instamojo/response/
            [webhook_url] => 
            [created_at] => 2019-06-26T17:28:08.169250Z
            [resource_uri] => https://www.instamojo.com/v2/gateway/orders/id:3923bb5e5a0e4bd9a2ac61722b5fe342/
            [customer_id] => 
        )

    [payment_options] => stdClass Object
        (
            [payment_url] => https://www.instamojo.com/@ekhareedoindiallp/3923bb5e5a0e4bd9a2ac61722b5fe342?embed=form
        )

)
 [] []
[2019-07-15 12:19:01] myLoggerName.INFO: Creating Order for orderId $orderId [] []
[2019-07-15 12:19:01] myLoggerName.INFO: Client ID: bBovibzzHHSseRs4ar0Cy29Wh524tSjD8by3uVeh | Client Secret : ZMXXj9gwJRLO4En9dK0fpMV6ZctSW6dCMvH0VEeacI6B5Yc4sEfY4nlTmhvSvZo8VDO6fk92lExRZdTdWBgvyRB0AkkIF0SYyTWjY36ivsY8Vu4ymc7I9EkIiov2F3OQ | Testmode: 0 [] []
[2019-07-15 12:19:01] myLoggerName.INFO: Date sent for creating order Array
(
    [transaction_id] => 1563193141-000000009
    [phone] => 8983505898
    [email] => Atharva476@gmail.com
    [name] => Atharva Gulhane
    [amount] => 17197
    [currency] => INR
    [redirect_url] => https://store.avita-india.com/instamojo/response/
)
 [] []
[2019-07-15 12:19:02] myLoggerName.INFO: Response from ServerstdClass Object
(
    [order] => stdClass Object
        (
            [id] => c6545fe63cb1474ab7e3f0ae8e31a062
            [transaction_id] => 1563193141-000000009
            [status] => pending
            [currency] => INR
            [amount] => 17197.00
            [name] => Atharva Gulhane
            [email] => Atharva476@gmail.com
            [phone] => +918983505898
            [description] => Instapay
            [redirect_url] => https://store.avita-india.com/instamojo/response/
            [webhook_url] => 
            [created_at] => 2019-07-15T12:19:02.796079Z
            [resource_uri] => https://www.instamojo.com/v2/gateway/orders/id:c6545fe63cb1474ab7e3f0ae8e31a062/
            [customer_id] => 
        )

    [payment_options] => stdClass Object
        (
            [payment_url] => https://www.instamojo.com/@ekhareedoindiallp/c6545fe63cb1474ab7e3f0ae8e31a062?embed=form
        )

)
 [] []
[2019-07-15 13:30:03] myLoggerName.INFO: Creating Order for orderId $orderId [] []
[2019-07-15 13:30:03] myLoggerName.INFO: Client ID: bBovibzzHHSseRs4ar0Cy29Wh524tSjD8by3uVeh | Client Secret : ZMXXj9gwJRLO4En9dK0fpMV6ZctSW6dCMvH0VEeacI6B5Yc4sEfY4nlTmhvSvZo8VDO6fk92lExRZdTdWBgvyRB0AkkIF0SYyTWjY36ivsY8Vu4ymc7I9EkIiov2F3OQ | Testmode: 0 [] []
[2019-07-15 13:30:03] myLoggerName.INFO: Date sent for creating order Array
(
    [transaction_id] => 1563197403-000000010
    [phone] => 9822220898
    [email] => rtgulhane@yahoo.com
    [name] => Rajesh Trimbackrao Gulhane
    [amount] => 17197
    [currency] => INR
    [redirect_url] => https://store.avita-india.com/instamojo/response/
)
 [] []
[2019-07-15 13:30:04] myLoggerName.INFO: Response from ServerstdClass Object
(
    [order] => stdClass Object
        (
            [id] => 723d59f24c174ca78da73e7efea4b230
            [transaction_id] => 1563197403-000000010
            [status] => pending
            [currency] => INR
            [amount] => 17197.00
            [name] => Rajesh Trimbackrao Gulhane
            [email] => rtgulhane@yahoo.com
            [phone] => +919822220898
            [description] => Instapay
            [redirect_url] => https://store.avita-india.com/instamojo/response/
            [webhook_url] => 
            [created_at] => 2019-07-15T13:30:03.987556Z
            [resource_uri] => https://www.instamojo.com/v2/gateway/orders/id:723d59f24c174ca78da73e7efea4b230/
            [customer_id] => 
        )

    [payment_options] => stdClass Object
        (
            [payment_url] => https://www.instamojo.com/@ekhareedoindiallp/723d59f24c174ca78da73e7efea4b230?embed=form
        )

)
 [] []
